
#include "ioman_mod.h"

sifcmd_IMPORTS_start
I_sceSifInitRpc
I_sceSifSetRpcQueue
I_sceSifRegisterRpc
I_sceSifRpcLoop
sifcmd_IMPORTS_end

stdio_IMPORTS_start
I_printf
stdio_IMPORTS_end

thsemap_IMPORTS_start
I_CreateSema
I_SignalSema
I_WaitSema
I_PollSema
I_DeleteSema
I_iSignalSema
thsemap_IMPORTS_end

thbase_IMPORTS_start
I_StartThread
I_CreateThread
I_DeleteThread
I_DelayThread
I_GetThreadId
thbase_IMPORTS_end

intrman_IMPORTS_start
I_RegisterIntrHandler
I_ReleaseIntrHandler
I_EnableIntr
I_DisableIntr
I_CpuSuspendIntr
I_CpuResumeIntr
intrman_IMPORTS_end

sifman_IMPORTS_start
I_sceSifCheckInit
I_sceSifInit
I_sceSifSetDma
I_sceSifDmaStat
sifman_IMPORTS_end

sysclib_IMPORTS_start
I_prnt
I_strncmp
I_strncpy
I_memmove
I_memcpy
I_memset
sysclib_IMPORTS_end

loadcore_IMPORTS_start
I_FlushDcache
loadcore_IMPORTS_end

sbusintr_IMPORTS_start
I_sbus_intr_main_interrupt
sbusintr_IMPORTS_end
